Started server process [935150]
Waiting for application startup.
Starting FidelioPro FastAPI application
DaData service initialized
Geolocation service initialized
All services initialized successfully
Application startup complete.
[Errno 13] error while attempting to bind on address ('0.0.0.0', 80): permission denied
Waiting for application shutdown.
Shutting down FidelioPro FastAPI application
All services closed successfully
Application shutdown complete.
Started server process [937592]
Waiting for application startup.
Starting FidelioPro FastAPI application
DaData service initialized
Geolocation service initialized
All services initialized successfully
Application startup complete.
[Errno 98] error while attempting to bind on address ('0.0.0.0', 8000): address already in use
Waiting for application shutdown.
Shutting down FidelioPro FastAPI application
All services closed successfully
Application shutdown complete.
Started server process [938509]
Waiting for application startup.
Starting FidelioPro FastAPI application
DaData service initialized
Geolocation service initialized
All services initialized successfully
Application startup complete.
Uvicorn running on http://0.0.0.0:8001 (Press CTRL+C to quit)
Invalid HTTP request received.
Invalid HTTP request received.
Invalid HTTP request received.
Invalid HTTP request received.
Invalid HTTP request received.
Invalid HTTP request received.
Invalid HTTP request received.
Invalid HTTP request received.
Invalid HTTP request received.
Invalid HTTP request received.
Invalid HTTP request received.
Invalid HTTP request received.
Invalid HTTP request received.
Invalid HTTP request received.
Shutting down
Waiting for application shutdown.
Shutting down FidelioPro FastAPI application
All services closed successfully
Application shutdown complete.
Finished server process [938509]
Started server process [939859]
Waiting for application startup.
Starting FidelioPro FastAPI application
DaData service initialized
Geolocation service initialized
All services initialized successfully
Application startup complete.
Uvicorn running on http://0.0.0.0:8001 (Press CTRL+C to quit)
2026-02-02 14:33:11 | 10.0.0.10 (Local/Local) | GET http://10.0.0.13:8001/health | 200 | 0.001s
2026-02-02 14:33:11 | 10.0.0.10 (Local/Local) | GET http://10.0.0.13:8001/images/logo-100x89.png | 200 | 0.003s
DaData address cleaned successfully
2026-02-02 14:33:12 | 10.0.0.10 (Local/Local) | GET http://10.0.0.13:8001/health/json | 200 | 0.456s
2026-02-02 14:33:20 | 10.0.0.10 (Local/Local) | GET http://10.0.0.13:8001/ | 200 | 0.003s
2026-02-02 14:33:20 | 10.0.0.10 (Local/Local) | GET http://10.0.0.13:8001/images/fidelioprogearlogo.jpg | 200 | 0.003s
Shutting down
Waiting for application shutdown.
Shutting down FidelioPro FastAPI application
All services closed successfully
Application shutdown complete.
Finished server process [939859]
